#
# There is insufficient memory for the Java Runtime Environment to continue.
# Native memory allocation (malloc) failed to allocate 32744 bytes for ChunkPool::allocate
# Possible reasons:
#   The system is out of physical RAM or swap space
#   The process is running with CompressedOops enabled, and the Java Heap may be blocking the growth of the native heap
# Possible solutions:
#   Reduce memory load on the system
#   Increase physical memory or swap space
#   Check if swap backing store is full
#   Decrease Java heap size (-Xmx/-Xms)
#   Decrease number of Java threads
#   Decrease Java thread stack sizes (-Xss)
#   Set larger code cache with -XX:ReservedCodeCacheSize=
#   JVM is running with Unscaled Compressed Oops mode in which the Java heap is
#     placed in the first 4GB address space. The Java Heap base address is the
#     maximum limit for the native heap growth. Please use -XX:HeapBaseMinAddress
#     to set the Java Heap base and to place the Java Heap above 4GB virtual address.
# This output file may be truncated or incomplete.
#
#  Out of Memory Error (arena.cpp:79), pid=10644, tid=17724
#
# JRE version: OpenJDK Runtime Environment JBR-17.0.9+7-1087.9-jcef (17.0.9+7) (build 17.0.9+7-b1087.9)
# Java VM: OpenJDK 64-Bit Server VM JBR-17.0.9+7-1087.9-jcef (17.0.9+7-b1087.9, mixed mode, tiered, compressed oops, compressed class ptrs, g1 gc, windows-amd64)
# No core dump will be written. Minidumps are not enabled by default on client versions of Windows
#

---------------  S U M M A R Y ------------

Command Line: -Djava.rmi.server.hostname=127.0.0.1 -Duser.timezone=UTC -Xmx2048m -Xms128m -Djdbc.classpath=D:\IntelliJ IDEA 2023.3.2\plugins\DatabaseTools\lib\jdbc-console.jar;C:\Users\nguye\AppData\Roaming\JetBrains\IntelliJIdea2023.3\jdbc-drivers\AWS Aurora MySQL\1.1.9\software\aws\rds\aws-mysql-jdbc\1.1.9\aws-mysql-jdbc-1.1.9.jar --add-exports=java.desktop/sun.awt=ALL-UNNAMED --add-exports=java.desktop/java.awt.peer=ALL-UNNAMED --add-opens=java.desktop/java.awt=ALL-UNNAMED --add-opens=jdk.unsupported/sun.misc=ALL-UNNAMED --add-opens=java.base/java.nio=ALL-UNNAMED --add-opens=java.base/java.util=ALL-UNNAMED -Dfile.encoding=UTF-8 com.intellij.database.remote.RemoteJdbcServer software.aws.rds.jdbc.mysql.Driver

Host: AMD Ryzen 5 4600H with Radeon Graphics         , 12 cores, 15G,  Windows 11 , 64 bit Build 22621 (10.0.22621.2506)
Time: Sun Dec 24 15:12:32 2023 SE Asia Standard Time elapsed time: 11780.154674 seconds (0d 3h 16m 20s)

---------------  T H R E A D  ---------------

Current thread (0x0000014cfec89fe0):  JavaThread "C1 CompilerThread0" daemon [_thread_in_native, id=17724, stack(0x000000144a800000,0x000000144a900000)]


Current CompileTask:
C1:11780154 2585       3       java.lang.Integer::parseInt (300 bytes)

Stack: [0x000000144a800000,0x000000144a900000]
Native frames: (J=compiled Java code, j=interpreted, Vv=VM code, C=native code)
V  [jvm.dll+0x688349]
V  [jvm.dll+0x841bfa]
V  [jvm.dll+0x84383e]
V  [jvm.dll+0x843ea3]
V  [jvm.dll+0x24bdef]
V  [jvm.dll+0xac66c]
V  [jvm.dll+0xaca9c]
V  [jvm.dll+0x17bce3]
V  [jvm.dll+0x17b84d]
V  [jvm.dll+0x17a224]
V  [jvm.dll+0x17a4ea]
V  [jvm.dll+0x17cf83]
V  [jvm.dll+0x1371e3]
V  [jvm.dll+0x136aef]
V  [jvm.dll+0x136d26]
V  [jvm.dll+0x1361ba]
V  [jvm.dll+0x137e71]
V  [jvm.dll+0x22cd28]
V  [jvm.dll+0x22ae60]
V  [jvm.dll+0x7f6087]
V  [jvm.dll+0x7f043a]
V  [jvm.dll+0x6871c5]
C  [ucrtbase.dll+0x29363]
C  [KERNEL32.DLL+0x1257d]
C  [ntdll.dll+0x5aa58]


---------------  P R O C E S S  ---------------

Threads class SMR info:
_java_thread_list=0x0000014cff52bb80, length=21, elements={
0x0000014cf14edfa0, 0x0000014cfeb09fb0, 0x0000014cfeb0cfe0, 0x0000014cfec84020,
0x0000014cfec84cf0, 0x0000014cfec85de0, 0x0000014cfec886c0, 0x0000014cfec896d0,
0x0000014cfec89fe0, 0x0000014cfec8b510, 0x0000014cfee2ec40, 0x0000014cfee31d60,
0x0000014cfefa97f0, 0x0000014cff470760, 0x0000014cfefded30, 0x0000014cfefe1220,
0x0000014cfefe1700, 0x0000014cfef55a00, 0x0000014cfef56420, 0x0000014cfef554f0,
0x0000014cfef540b0
}

Java Threads: ( => current thread )
  0x0000014cf14edfa0 JavaThread "main" [_thread_blocked, id=3388, stack(0x0000001449a00000,0x0000001449b00000)]
  0x0000014cfeb09fb0 JavaThread "Reference Handler" daemon [_thread_blocked, id=20272, stack(0x000000144a100000,0x000000144a200000)]
  0x0000014cfeb0cfe0 JavaThread "Finalizer" daemon [_thread_blocked, id=2100, stack(0x000000144a200000,0x000000144a300000)]
  0x0000014cfec84020 JavaThread "Signal Dispatcher" daemon [_thread_blocked, id=25456, stack(0x000000144a300000,0x000000144a400000)]
  0x0000014cfec84cf0 JavaThread "Attach Listener" daemon [_thread_blocked, id=12760, stack(0x000000144a400000,0x000000144a500000)]
  0x0000014cfec85de0 JavaThread "Service Thread" daemon [_thread_blocked, id=12576, stack(0x000000144a500000,0x000000144a600000)]
  0x0000014cfec886c0 JavaThread "Monitor Deflation Thread" daemon [_thread_blocked, id=2380, stack(0x000000144a600000,0x000000144a700000)]
  0x0000014cfec896d0 JavaThread "C2 CompilerThread0" daemon [_thread_blocked, id=2256, stack(0x000000144a700000,0x000000144a800000)]
=>0x0000014cfec89fe0 JavaThread "C1 CompilerThread0" daemon [_thread_in_native, id=17724, stack(0x000000144a800000,0x000000144a900000)]
  0x0000014cfec8b510 JavaThread "Sweeper thread" daemon [_thread_blocked, id=19664, stack(0x000000144a900000,0x000000144aa00000)]
  0x0000014cfee2ec40 JavaThread "Common-Cleaner" daemon [_thread_blocked, id=14252, stack(0x000000144aa00000,0x000000144ab00000)]
  0x0000014cfee31d60 JavaThread "Notification Thread" daemon [_thread_blocked, id=5536, stack(0x000000144ab00000,0x000000144ac00000)]
  0x0000014cfefa97f0 JavaThread "mysql-cj-abandoned-connection-cleanup" daemon [_thread_blocked, id=18644, stack(0x000000144ae00000,0x000000144af00000)]
  0x0000014cff470760 JavaThread "RMI TCP Accept-27550" daemon [_thread_in_native, id=19372, stack(0x000000144af00000,0x000000144b000000)]
  0x0000014cfefded30 JavaThread "RMI TCP Accept-0" daemon [_thread_in_native, id=372, stack(0x000000144b000000,0x000000144b100000)]
  0x0000014cfefe1220 JavaThread "RMI Reaper" [_thread_blocked, id=17432, stack(0x000000144b100000,0x000000144b200000)]
  0x0000014cfefe1700 JavaThread "RMI GC Daemon" daemon [_thread_blocked, id=20940, stack(0x000000144b200000,0x000000144b300000)]
  0x0000014cfef55a00 JavaThread "RMI TCP Connection(1)-127.0.0.1" daemon [_thread_in_native, id=6504, stack(0x000000144b300000,0x000000144b400000)]
  0x0000014cfef56420 JavaThread "RMI TCP Connection(3)-127.0.0.1" daemon [_thread_in_native, id=17204, stack(0x000000144b500000,0x000000144b600000)]
  0x0000014cfef554f0 JavaThread "RMI Scheduler(0)" daemon [_thread_blocked, id=22044, stack(0x000000144b600000,0x000000144b700000)]
  0x0000014cfef540b0 JavaThread "RMI RenewClean-[127.0.0.1:56867]" daemon [_thread_blocked, id=3808, stack(0x000000144b800000,0x000000144b900000)]

Other Threads:
  0x0000014cfec42c20 VMThread "VM Thread" [stack: 0x000000144a000000,0x000000144a100000] [id=19324]
  0x0000014cfee36260 WatcherThread [stack: 0x000000144ac00000,0x000000144ad00000] [id=7284]
  0x0000014cf3603a50 GCTaskThread "GC Thread#0" [stack: 0x0000001449b00000,0x0000001449c00000] [id=4872]
  0x0000014cff8c8660 GCTaskThread "GC Thread#1" [stack: 0x000000144b900000,0x000000144ba00000] [id=18452]
  0x0000014cff8c8060 GCTaskThread "GC Thread#2" [stack: 0x000000144ba00000,0x000000144bb00000] [id=14508]
  0x0000014c931e9c80 GCTaskThread "GC Thread#3" [stack: 0x000000144bb00000,0x000000144bc00000] [id=8800]
  0x0000014cff67d650 GCTaskThread "GC Thread#4" [stack: 0x000000144bc00000,0x000000144bd00000] [id=3376]
  0x0000014cff7b4c50 GCTaskThread "GC Thread#5" [stack: 0x000000144bd00000,0x000000144be00000] [id=6632]
  0x0000014cff621370 GCTaskThread "GC Thread#6" [stack: 0x000000144be00000,0x000000144bf00000] [id=22660]
  0x0000014cff621630 GCTaskThread "GC Thread#7" [stack: 0x000000144bf00000,0x000000144c000000] [id=8848]
  0x0000014cff36c740 GCTaskThread "GC Thread#8" [stack: 0x000000144c000000,0x000000144c100000] [id=17820]
  0x0000014cff36ca00 GCTaskThread "GC Thread#9" [stack: 0x000000144c100000,0x000000144c200000] [id=24908]
  0x0000014cf36148b0 ConcurrentGCThread "G1 Main Marker" [stack: 0x0000001449c00000,0x0000001449d00000] [id=23388]
  0x0000014cf36151e0 ConcurrentGCThread "G1 Conc#0" [stack: 0x0000001449d00000,0x0000001449e00000] [id=7272]
  0x0000014cff2ad360 ConcurrentGCThread "G1 Conc#1" [stack: 0x0000001449700000,0x0000001449800000] [id=12980]
  0x0000014cfece0a20 ConcurrentGCThread "G1 Conc#2" [stack: 0x0000001449800000,0x0000001449900000] [id=24376]
  0x0000014cfe95c520 ConcurrentGCThread "G1 Refine#0" [stack: 0x0000001449e00000,0x0000001449f00000] [id=8372]
  0x0000014cfef83da0 ConcurrentGCThread "G1 Refine#1" [stack: 0x000000144c200000,0x000000144c300000] [id=19188]
  0x0000014cfe95dd70 ConcurrentGCThread "G1 Service" [stack: 0x0000001449f00000,0x000000144a000000] [id=17308]

Threads with active compile tasks:
C1 CompilerThread0  11780168 2585       3       java.lang.Integer::parseInt (300 bytes)

VM state: not at safepoint (normal execution)

VM Mutex/Monitor currently owned by a thread: None

Heap address: 0x0000000080000000, size: 2048 MB, Compressed Oops mode: 32-bit

CDS archive(s) not mapped
Compressed class space mapped at: 0x0000000100000000-0x0000000140000000, reserved size: 1073741824
Narrow klass base: 0x0000000000000000, Narrow klass shift: 3, Narrow klass range: 0x140000000

GC Precious Log:
 CPUs: 12 total, 12 available
 Memory: 15791M
 Large Page Support: Disabled
 NUMA Support: Disabled
 Compressed Oops: Enabled (32-bit)
 Heap Region Size: 1M
 Heap Min Capacity: 128M
 Heap Initial Capacity: 128M
 Heap Max Capacity: 2G
 Pre-touch: Disabled
 Parallel Workers: 10
 Concurrent Workers: 3
 Concurrent Refinement Workers: 10
 Periodic GC: Disabled

Heap:
 garbage-first heap   total 131072K, used 13684K [0x0000000080000000, 0x0000000100000000)
  region size 1024K, 6 young (6144K), 0 survivors (0K)
 Metaspace       used 20975K, committed 21568K, reserved 1114112K
  class space    used 2062K, committed 2304K, reserved 1048576K

Heap Regions: E=young(eden), S=young(survivor), O=old, HS=humongous(starts), HC=humongous(continues), CS=collection set, F=free, OA=open archive, CA=closed archive, TAMS=top-at-mark-start (previous, next)
|   0|0x0000000080000000, 0x0000000080100000, 0x0000000080100000|100%|HS|  |TAMS 0x0000000080100000, 0x0000000080000000| Untracked 
|   1|0x0000000080100000, 0x0000000080200000, 0x0000000080200000|100%|HC|  |TAMS 0x0000000080200000, 0x0000000080100000| Untracked 
|   2|0x0000000080200000, 0x0000000080300000, 0x0000000080300000|100%|HC|  |TAMS 0x0000000080300000, 0x0000000080200000| Untracked 
|   3|0x0000000080300000, 0x00000000803f5b60, 0x0000000080400000| 95%| O|  |TAMS 0x0000000080300000, 0x0000000080300000| Untracked 
|   4|0x0000000080400000, 0x00000000804e5880, 0x0000000080500000| 89%| O|  |TAMS 0x0000000080400000, 0x0000000080400000| Untracked 
|   5|0x0000000080500000, 0x00000000805d8008, 0x0000000080600000| 84%| O|  |TAMS 0x0000000080500000, 0x0000000080500000| Untracked 
|   6|0x0000000080600000, 0x00000000806dab38, 0x0000000080700000| 85%| O|  |TAMS 0x0000000080600000, 0x0000000080600000| Untracked 
|   7|0x0000000080700000, 0x00000000807ffff8, 0x0000000080800000| 99%| O|  |TAMS 0x0000000080700000, 0x0000000080700000| Untracked 
|   8|0x0000000080800000, 0x00000000808ca768, 0x0000000080900000| 79%| O|  |TAMS 0x0000000080800000, 0x0000000080800000| Untracked 
|   9|0x0000000080900000, 0x0000000080900000, 0x0000000080a00000|  0%| F|  |TAMS 0x0000000080900000, 0x0000000080900000| Untracked 
|  10|0x0000000080a00000, 0x0000000080a04988, 0x0000000080b00000|  1%| O|  |TAMS 0x0000000080a00000, 0x0000000080a00000| Untracked 
|  11|0x0000000080b00000, 0x0000000080b00000, 0x0000000080c00000|  0%| F|  |TAMS 0x0000000080b00000, 0x0000000080b00000| Untracked 
|  12|0x0000000080c00000, 0x0000000080c00000, 0x0000000080d00000|  0%| F|  |TAMS 0x0000000080c00000, 0x0000000080c00000| Untracked 
|  13|0x0000000080d00000, 0x0000000080d00000, 0x0000000080e00000|  0%| F|  |TAMS 0x0000000080d00000, 0x0000000080d00000| Untracked 
|  14|0x0000000080e00000, 0x0000000080e00000, 0x0000000080f00000|  0%| F|  |TAMS 0x0000000080e00000, 0x0000000080e00000| Untracked 
|  15|0x0000000080f00000, 0x0000000080f00000, 0x0000000081000000|  0%| F|  |TAMS 0x0000000080f00000, 0x0000000080f00000| Untracked 
|  16|0x0000000081000000, 0x0000000081000000, 0x0000000081100000|  0%| F|  |TAMS 0x0000000081000000, 0x0000000081000000| Untracked 
|  17|0x0000000081100000, 0x0000000081100000, 0x0000000081200000|  0%| F|  |TAMS 0x0000000081100000, 0x0000000081100000| Untracked 
|  18|0x0000000081200000, 0x0000000081200000, 0x0000000081300000|  0%| F|  |TAMS 0x0000000081200000, 0x0000000081200000| Untracked 
|  19|0x0000000081300000, 0x0000000081300000, 0x0000000081400000|  0%| F|  |TAMS 0x0000000081300000, 0x0000000081300000| Untracked 
|  20|0x0000000081400000, 0x0000000081400000, 0x0000000081500000|  0%| F|  |TAMS 0x0000000081400000, 0x0000000081400000| Untracked 
|  21|0x0000000081500000, 0x0000000081500000, 0x0000000081600000|  0%| F|  |TAMS 0x0000000081500000, 0x0000000081500000| Untracked 
|  22|0x0000000081600000, 0x0000000081600000, 0x0000000081700000|  0%| F|  |TAMS 0x0000000081600000, 0x0000000081600000| Untracked 
|  23|0x0000000081700000, 0x0000000081700000, 0x0000000081800000|  0%| F|  |TAMS 0x0000000081700000, 0x0000000081700000| Untracked 
|  24|0x0000000081800000, 0x0000000081800000, 0x0000000081900000|  0%| F|  |TAMS 0x0000000081800000, 0x0000000081800000| Untracked 
|  25|0x0000000081900000, 0x0000000081900000, 0x0000000081a00000|  0%| F|  |TAMS 0x0000000081900000, 0x0000000081900000| Untracked 
|  26|0x0000000081a00000, 0x0000000081a00000, 0x0000000081b00000|  0%| F|  |TAMS 0x0000000081a00000, 0x0000000081a00000| Untracked 
|  27|0x0000000081b00000, 0x0000000081b00000, 0x0000000081c00000|  0%| F|  |TAMS 0x0000000081b00000, 0x0000000081b00000| Untracked 
|  28|0x0000000081c00000, 0x0000000081c00000, 0x0000000081d00000|  0%| F|  |TAMS 0x0000000081c00000, 0x0000000081c00000| Untracked 
|  29|0x0000000081d00000, 0x0000000081d00000, 0x0000000081e00000|  0%| F|  |TAMS 0x0000000081d00000, 0x0000000081d00000| Untracked 
|  30|0x0000000081e00000, 0x0000000081e00000, 0x0000000081f00000|  0%| F|  |TAMS 0x0000000081e00000, 0x0000000081e00000| Untracked 
|  31|0x0000000081f00000, 0x0000000081f00000, 0x0000000082000000|  0%| F|  |TAMS 0x0000000081f00000, 0x0000000081f00000| Untracked 
|  32|0x0000000082000000, 0x0000000082000000, 0x0000000082100000|  0%| F|  |TAMS 0x0000000082000000, 0x0000000082000000| Untracked 
|  33|0x0000000082100000, 0x0000000082100000, 0x0000000082200000|  0%| F|  |TAMS 0x0000000082100000, 0x0000000082100000| Untracked 
|  34|0x0000000082200000, 0x0000000082200000, 0x0000000082300000|  0%| F|  |TAMS 0x0000000082200000, 0x0000000082200000| Untracked 
|  35|0x0000000082300000, 0x0000000082300000, 0x0000000082400000|  0%| F|  |TAMS 0x0000000082300000, 0x0000000082300000| Untracked 
|  36|0x0000000082400000, 0x0000000082400000, 0x0000000082500000|  0%| F|  |TAMS 0x0000000082400000, 0x0000000082400000| Untracked 
|  37|0x0000000082500000, 0x0000000082500000, 0x0000000082600000|  0%| F|  |TAMS 0x0000000082500000, 0x0000000082500000| Untracked 
|  38|0x0000000082600000, 0x0000000082600000, 0x0000000082700000|  0%| F|  |TAMS 0x0000000082600000, 0x0000000082600000| Untracked 
|  39|0x0000000082700000, 0x0000000082700000, 0x0000000082800000|  0%| F|  |TAMS 0x0000000082700000, 0x0000000082700000| Untracked 
|  40|0x0000000082800000, 0x0000000082800000, 0x0000000082900000|  0%| F|  |TAMS 0x0000000082800000, 0x0000000082800000| Untracked 
|  41|0x0000000082900000, 0x0000000082900000, 0x0000000082a00000|  0%| F|  |TAMS 0x0000000082900000, 0x0000000082900000| Untracked 
|  42|0x0000000082a00000, 0x0000000082a00000, 0x0000000082b00000|  0%| F|  |TAMS 0x0000000082a00000, 0x0000000082a00000| Untracked 
|  43|0x0000000082b00000, 0x0000000082b00000, 0x0000000082c00000|  0%| F|  |TAMS 0x0000000082b00000, 0x0000000082b00000| Untracked 
|  44|0x0000000082c00000, 0x0000000082c00000, 0x0000000082d00000|  0%| F|  |TAMS 0x0000000082c00000, 0x0000000082c00000| Untracked 
|  45|0x0000000082d00000, 0x0000000082d00000, 0x0000000082e00000|  0%| F|  |TAMS 0x0000000082d00000, 0x0000000082d00000| Untracked 
|  46|0x0000000082e00000, 0x0000000082e00000, 0x0000000082f00000|  0%| F|  |TAMS 0x0000000082e00000, 0x0000000082e00000| Untracked 
|  47|0x0000000082f00000, 0x0000000082f00000, 0x0000000083000000|  0%| F|  |TAMS 0x0000000082f00000, 0x0000000082f00000| Untracked 
|  48|0x0000000083000000, 0x0000000083000000, 0x0000000083100000|  0%| F|  |TAMS 0x0000000083000000, 0x0000000083000000| Untracked 
|  49|0x0000000083100000, 0x0000000083100000, 0x0000000083200000|  0%| F|  |TAMS 0x0000000083100000, 0x0000000083100000| Untracked 
|  50|0x0000000083200000, 0x0000000083200000, 0x0000000083300000|  0%| F|  |TAMS 0x0000000083200000, 0x0000000083200000| Untracked 
|  51|0x0000000083300000, 0x0000000083300000, 0x0000000083400000|  0%| F|  |TAMS 0x0000000083300000, 0x0000000083300000| Untracked 
|  52|0x0000000083400000, 0x0000000083400000, 0x0000000083500000|  0%| F|  |TAMS 0x0000000083400000, 0x0000000083400000| Untracked 
|  53|0x0000000083500000, 0x0000000083500000, 0x0000000083600000|  0%| F|  |TAMS 0x0000000083500000, 0x0000000083500000| Untracked 
|  54|0x0000000083600000, 0x0000000083600000, 0x0000000083700000|  0%| F|  |TAMS 0x0000000083600000, 0x0000000083600000| Untracked 
|  55|0x0000000083700000, 0x0000000083700000, 0x0000000083800000|  0%| F|  |TAMS 0x0000000083700000, 0x0000000083700000| Untracked 
|  56|0x0000000083800000, 0x0000000083800000, 0x0000000083900000|  0%| F|  |TAMS 0x0000000083800000, 0x0000000083800000| Untracked 
|  57|0x0000000083900000, 0x0000000083900000, 0x0000000083a00000|  0%| F|  |TAMS 0x0000000083900000, 0x0000000083900000| Untracked 
|  58|0x0000000083a00000, 0x0000000083a00000, 0x0000000083b00000|  0%| F|  |TAMS 0x0000000083a00000, 0x0000000083a00000| Untracked 
|  59|0x0000000083b00000, 0x0000000083b00000, 0x0000000083c00000|  0%| F|  |TAMS 0x0000000083b00000, 0x0000000083b00000| Untracked 
|  60|0x0000000083c00000, 0x0000000083c00000, 0x0000000083d00000|  0%| F|  |TAMS 0x0000000083c00000, 0x0000000083c00000| Untracked 
|  61|0x0000000083d00000, 0x0000000083d00000, 0x0000000083e00000|  0%| F|  |TAMS 0x0000000083d00000, 0x0000000083d00000| Untracked 
|  62|0x0000000083e00000, 0x0000000083e00000, 0x0000000083f00000|  0%| F|  |TAMS 0x0000000083e00000, 0x0000000083e00000| Untracked 
|  63|0x0000000083f00000, 0x0000000083f00000, 0x0000000084000000|  0%| F|  |TAMS 0x0000000083f00000, 0x0000000083f00000| Untracked 
|  64|0x0000000084000000, 0x0000000084000000, 0x0000000084100000|  0%| F|  |TAMS 0x0000000084000000, 0x0000000084000000| Untracked 
|  65|0x0000000084100000, 0x0000000084100000, 0x0000000084200000|  0%| F|  |TAMS 0x0000000084100000, 0x0000000084100000| Untracked 
|  66|0x0000000084200000, 0x0000000084200000, 0x0000000084300000|  0%| F|  |TAMS 0x0000000084200000, 0x0000000084200000| Untracked 
|  67|0x0000000084300000, 0x0000000084300000, 0x0000000084400000|  0%| F|  |TAMS 0x0000000084300000, 0x0000000084300000| Untracked 
|  68|0x0000000084400000, 0x0000000084400000, 0x0000000084500000|  0%| F|  |TAMS 0x0000000084400000, 0x0000000084400000| Untracked 
|  69|0x0000000084500000, 0x0000000084500000, 0x0000000084600000|  0%| F|  |TAMS 0x0000000084500000, 0x0000000084500000| Untracked 
|  70|0x0000000084600000, 0x0000000084600000, 0x0000000084700000|  0%| F|  |TAMS 0x0000000084600000, 0x0000000084600000| Untracked 
|  71|0x0000000084700000, 0x0000000084700000, 0x0000000084800000|  0%| F|  |TAMS 0x0000000084700000, 0x0000000084700000| Untracked 
|  72|0x0000000084800000, 0x0000000084800000, 0x0000000084900000|  0%| F|  |TAMS 0x0000000084800000, 0x0000000084800000| Untracked 
|  73|0x0000000084900000, 0x0000000084900000, 0x0000000084a00000|  0%| F|  |TAMS 0x0000000084900000, 0x0000000084900000| Untracked 
|  74|0x0000000084a00000, 0x0000000084a00000, 0x0000000084b00000|  0%| F|  |TAMS 0x0000000084a00000, 0x0000000084a00000| Untracked 
|  75|0x0000000084b00000, 0x0000000084b00000, 0x0000000084c00000|  0%| F|  |TAMS 0x0000000084b00000, 0x0000000084b00000| Untracked 
|  76|0x0000000084c00000, 0x0000000084c00000, 0x0000000084d00000|  0%| F|  |TAMS 0x0000000084c00000, 0x0000000084c00000| Untracked 
|  77|0x0000000084d00000, 0x0000000084d00000, 0x0000000084e00000|  0%| F|  |TAMS 0x0000000084d00000, 0x0000000084d00000| Untracked 
|  78|0x0000000084e00000, 0x0000000084e00000, 0x0000000084f00000|  0%| F|  |TAMS 0x0000000084e00000, 0x0000000084e00000| Untracked 
|  79|0x0000000084f00000, 0x0000000084f00000, 0x0000000085000000|  0%| F|  |TAMS 0x0000000084f00000, 0x0000000084f00000| Untracked 
|  80|0x0000000085000000, 0x0000000085000000, 0x0000000085100000|  0%| F|  |TAMS 0x0000000085000000, 0x0000000085000000| Untracked 
|  81|0x0000000085100000, 0x0000000085100000, 0x0000000085200000|  0%| F|  |TAMS 0x0000000085100000, 0x0000000085100000| Untracked 
|  82|0x0000000085200000, 0x0000000085200000, 0x0000000085300000|  0%| F|  |TAMS 0x0000000085200000, 0x0000000085200000| Untracked 
|  83|0x0000000085300000, 0x0000000085300000, 0x0000000085400000|  0%| F|  |TAMS 0x0000000085300000, 0x0000000085300000| Untracked 
|  84|0x0000000085400000, 0x0000000085400000, 0x0000000085500000|  0%| F|  |TAMS 0x0000000085400000, 0x0000000085400000| Untracked 
|  85|0x0000000085500000, 0x0000000085500000, 0x0000000085600000|  0%| F|  |TAMS 0x0000000085500000, 0x0000000085500000| Untracked 
|  86|0x0000000085600000, 0x0000000085600000, 0x0000000085700000|  0%| F|  |TAMS 0x0000000085600000, 0x0000000085600000| Untracked 
|  87|0x0000000085700000, 0x0000000085700000, 0x0000000085800000|  0%| F|  |TAMS 0x0000000085700000, 0x0000000085700000| Untracked 
|  88|0x0000000085800000, 0x0000000085800000, 0x0000000085900000|  0%| F|  |TAMS 0x0000000085800000, 0x0000000085800000| Untracked 
|  89|0x0000000085900000, 0x0000000085900000, 0x0000000085a00000|  0%| F|  |TAMS 0x0000000085900000, 0x0000000085900000| Untracked 
|  90|0x0000000085a00000, 0x0000000085a00000, 0x0000000085b00000|  0%| F|  |TAMS 0x0000000085a00000, 0x0000000085a00000| Untracked 
|  91|0x0000000085b00000, 0x0000000085b00000, 0x0000000085c00000|  0%| F|  |TAMS 0x0000000085b00000, 0x0000000085b00000| Untracked 
|  92|0x0000000085c00000, 0x0000000085c00000, 0x0000000085d00000|  0%| F|  |TAMS 0x0000000085c00000, 0x0000000085c00000| Untracked 
|  93|0x0000000085d00000, 0x0000000085d00000, 0x0000000085e00000|  0%| F|  |TAMS 0x0000000085d00000, 0x0000000085d00000| Untracked 
|  94|0x0000000085e00000, 0x0000000085e00000, 0x0000000085f00000|  0%| F|  |TAMS 0x0000000085e00000, 0x0000000085e00000| Untracked 
|  95|0x0000000085f00000, 0x0000000085f00000, 0x0000000086000000|  0%| F|  |TAMS 0x0000000085f00000, 0x0000000085f00000| Untracked 
|  96|0x0000000086000000, 0x0000000086000000, 0x0000000086100000|  0%| F|  |TAMS 0x0000000086000000, 0x0000000086000000| Untracked 
|  97|0x0000000086100000, 0x0000000086100000, 0x0000000086200000|  0%| F|  |TAMS 0x0000000086100000, 0x0000000086100000| Untracked 
|  98|0x0000000086200000, 0x0000000086200000, 0x0000000086300000|  0%| F|  |TAMS 0x0000000086200000, 0x0000000086200000| Untracked 
|  99|0x0000000086300000, 0x0000000086300000, 0x0000000086400000|  0%| F|  |TAMS 0x0000000086300000, 0x0000000086300000| Untracked 
| 100|0x0000000086400000, 0x0000000086400000, 0x0000000086500000|  0%| F|  |TAMS 0x0000000086400000, 0x0000000086400000| Untracked 
| 101|0x0000000086500000, 0x0000000086500000, 0x0000000086600000|  0%| F|  |TAMS 0x0000000086500000, 0x0000000086500000| Untracked 
| 102|0x0000000086600000, 0x0000000086600000, 0x0000000086700000|  0%| F|  |TAMS 0x0000000086600000, 0x0000000086600000| Untracked 
| 103|0x0000000086700000, 0x0000000086700000, 0x0000000086800000|  0%| F|  |TAMS 0x0000000086700000, 0x0000000086700000| Untracked 
| 104|0x0000000086800000, 0x0000000086800000, 0x0000000086900000|  0%| F|  |TAMS 0x0000000086800000, 0x0000000086800000| Untracked 
| 105|0x0000000086900000, 0x0000000086900000, 0x0000000086a00000|  0%| F|  |TAMS 0x0000000086900000, 0x0000000086900000| Untracked 
| 106|0x0000000086a00000, 0x0000000086a00000, 0x0000000086b00000|  0%| F|  |TAMS 0x0000000086a00000, 0x0000000086a00000| Untracked 
| 107|0x0000000086b00000, 0x0000000086b00000, 0x0000000086c00000|  0%| F|  |TAMS 0x0000000086b00000, 0x0000000086b00000| Untracked 
| 108|0x0000000086c00000, 0x0000000086c00000, 0x0000000086d00000|  0%| F|  |TAMS 0x0000000086c00000, 0x0000000086c00000| Untracked 
| 109|0x0000000086d00000, 0x0000000086d00000, 0x0000000086e00000|  0%| F|  |TAMS 0x0000000086d00000, 0x0000000086d00000| Untracked 
| 110|0x0000000086e00000, 0x0000000086e00000, 0x0000000086f00000|  0%| F|  |TAMS 0x0000000086e00000, 0x0000000086e00000| Untracked 
| 111|0x0000000086f00000, 0x0000000086f00000, 0x0000000087000000|  0%| F|  |TAMS 0x0000000086f00000, 0x0000000086f00000| Untracked 
| 112|0x0000000087000000, 0x0000000087000000, 0x0000000087100000|  0%| F|  |TAMS 0x0000000087000000, 0x0000000087000000| Untracked 
| 113|0x0000000087100000, 0x0000000087100000, 0x0000000087200000|  0%| F|  |TAMS 0x0000000087100000, 0x0000000087100000| Untracked 
| 114|0x0000000087200000, 0x0000000087200000, 0x0000000087300000|  0%| F|  |TAMS 0x0000000087200000, 0x0000000087200000| Untracked 
| 115|0x0000000087300000, 0x0000000087300000, 0x0000000087400000|  0%| F|  |TAMS 0x0000000087300000, 0x0000000087300000| Untracked 
| 116|0x0000000087400000, 0x0000000087400000, 0x0000000087500000|  0%| F|  |TAMS 0x0000000087400000, 0x0000000087400000| Untracked 
| 117|0x0000000087500000, 0x0000000087500000, 0x0000000087600000|  0%| F|  |TAMS 0x0000000087500000, 0x0000000087500000| Untracked 
| 118|0x0000000087600000, 0x0000000087600000, 0x0000000087700000|  0%| F|  |TAMS 0x0000000087600000, 0x0000000087600000| Untracked 
| 119|0x0000000087700000, 0x0000000087700000, 0x0000000087800000|  0%| F|  |TAMS 0x0000000087700000, 0x0000000087700000| Untracked 
| 120|0x0000000087800000, 0x0000000087800000, 0x0000000087900000|  0%| F|  |TAMS 0x0000000087800000, 0x0000000087800000| Untracked 
| 121|0x0000000087900000, 0x0000000087900000, 0x0000000087a00000|  0%| F|  |TAMS 0x0000000087900000, 0x0000000087900000| Untracked 
| 122|0x0000000087a00000, 0x0000000087a80800, 0x0000000087b00000| 50%| E|  |TAMS 0x0000000087a00000, 0x0000000087a00000| Complete 
| 123|0x0000000087b00000, 0x0000000087c00000, 0x0000000087c00000|100%| E|CS|TAMS 0x0000000087b00000, 0x0000000087b00000| Complete 
| 124|0x0000000087c00000, 0x0000000087d00000, 0x0000000087d00000|100%| E|CS|TAMS 0x0000000087c00000, 0x0000000087c00000| Complete 
| 125|0x0000000087d00000, 0x0000000087e00000, 0x0000000087e00000|100%| E|CS|TAMS 0x0000000087d00000, 0x0000000087d00000| Complete 
| 126|0x0000000087e00000, 0x0000000087f00000, 0x0000000087f00000|100%| E|CS|TAMS 0x0000000087e00000, 0x0000000087e00000| Complete 
| 127|0x0000000087f00000, 0x0000000088000000, 0x0000000088000000|100%| E|CS|TAMS 0x0000000087f00000, 0x0000000087f00000| Complete 

Card table byte_map: [0x0000014cf7670000,0x0000014cf7a70000] _byte_map_base: 0x0000014cf7270000

Marking Bits (Prev, Next): (CMBitMap*) 0x0000014cf3603fc0, (CMBitMap*) 0x0000014cf3603f80
 Prev Bits: [0x0000014cf9e70000, 0x0000014cfbe70000)
 Next Bits: [0x0000014cf7e70000, 0x0000014cf9e70000)

Polling page: 0x0000014cf2d60000

Metaspace:

Usage:
  Non-class:     18.47 MB used.
      Class:      2.01 MB used.
       Both:     20.48 MB used.

Virtual space:
  Non-class space:       64.00 MB reserved,      18.81 MB ( 29%) committed,  1 nodes.
      Class space:        1.00 GB reserved,       2.25 MB ( <1%) committed,  1 nodes.
             Both:        1.06 GB reserved,      21.06 MB (  2%) committed. 

Chunk freelists:
   Non-Class:  13.36 MB
       Class:  13.85 MB
        Both:  27.21 MB

MaxMetaspaceSize: unlimited
CompressedClassSpaceSize: 1.00 GB
Initial GC threshold: 21.00 MB
Current GC threshold: 35.12 MB
CDS: off
MetaspaceReclaimPolicy: balanced
 - commit_granule_bytes: 65536.
 - commit_granule_words: 8192.
 - virtual_space_node_default_size: 8388608.
 - enlarge_chunks_in_place: 1.
 - new_chunks_are_fully_committed: 0.
 - uncommit_free_chunks: 1.
 - use_allocation_guard: 0.
 - handle_deallocations: 1.


Internal statistics:

num_allocs_failed_limit: 3.
num_arena_births: 396.
num_arena_deaths: 164.
num_vsnodes_births: 2.
num_vsnodes_deaths: 0.
num_space_committed: 337.
num_space_uncommitted: 0.
num_chunks_returned_to_freelist: 224.
num_chunks_taken_from_freelist: 820.
num_chunk_merges: 74.
num_chunk_splits: 476.
num_chunks_enlarged: 229.
num_inconsistent_stats: 0.

CodeHeap 'non-profiled nmethods': size=120000Kb used=1386Kb max_used=1386Kb free=118613Kb
 bounds [0x0000014c87ad0000, 0x0000014c87d40000, 0x0000014c8f000000]
CodeHeap 'profiled nmethods': size=120000Kb used=5246Kb max_used=5246Kb free=114753Kb
 bounds [0x0000014c80000000, 0x0000014c80520000, 0x0000014c87530000]
CodeHeap 'non-nmethods': size=5760Kb used=1207Kb max_used=1259Kb free=4552Kb
 bounds [0x0000014c87530000, 0x0000014c877a0000, 0x0000014c87ad0000]
 total_blobs=3097 nmethods=2582 adapters=428
 compilation: enabled
              stopped_count=0, restarted_count=0
 full_count=0

Compilation events (20 events):
Event: 10626.662 Thread 0x0000014cfec896d0 nmethod 2575 0x0000014c87c23c10 code [0x0000014c87c23d80, 0x0000014c87c23e18]
Event: 11180.150 Thread 0x0000014cfec896d0 2576       4       java.lang.invoke.VarHandleGuards::guard_LLL_Z (86 bytes)
Event: 11180.154 Thread 0x0000014cfec896d0 nmethod 2576 0x0000014c87c23f10 code [0x0000014c87c240c0, 0x0000014c87c244a8]
Event: 11307.880 Thread 0x0000014cfec896d0 2577       4       java.io.ObjectOutputStream::writeInt (9 bytes)
Event: 11307.882 Thread 0x0000014cfec896d0 nmethod 2577 0x0000014c87c24910 code [0x0000014c87c24aa0, 0x0000014c87c24bf8]
Event: 11400.945 Thread 0x0000014cfec896d0 2578       4       java.io.ObjectInputStream::readShort (8 bytes)
Event: 11400.946 Thread 0x0000014cfec896d0 nmethod 2578 0x0000014c87c24d90 code [0x0000014c87c24f20, 0x0000014c87c25128]
Event: 11400.946 Thread 0x0000014cfec896d0 2579   !   4       java.io.ObjectInputStream::readObject0 (681 bytes)
Event: 11400.977 Thread 0x0000014cfec896d0 nmethod 2579 0x0000014c87c25390 code [0x0000014c87c25680, 0x0000014c87c27f68]
Event: 11406.905 Thread 0x0000014cfec896d0 2580       4       java.io.ObjectInputStream$HandleTable::markDependency (175 bytes)
Event: 11406.906 Thread 0x0000014cfec896d0 nmethod 2580 0x0000014c87c29610 code [0x0000014c87c297a0, 0x0000014c87c298d8]
Event: 11424.910 Thread 0x0000014cfec896d0 2581       4       sun.rmi.transport.ObjectEndpoint::hashCode (27 bytes)
Event: 11424.911 Thread 0x0000014cfec896d0 nmethod 2581 0x0000014c87c29a10 code [0x0000014c87c29ba0, 0x0000014c87c29c88]
Event: 11596.595 Thread 0x0000014cfec896d0 2582       4       sun.rmi.transport.ObjectEndpoint::<init> (60 bytes)
Event: 11596.597 Thread 0x0000014cfec896d0 nmethod 2582 0x0000014c87c29d90 code [0x0000014c87c29f00, 0x0000014c87c2a158]
Event: 11604.953 Thread 0x0000014cfec896d0 2583       4       java.io.ObjectInputStream::readInt (8 bytes)
Event: 11604.955 Thread 0x0000014cfec896d0 nmethod 2583 0x0000014c87c2a210 code [0x0000014c87c2a3c0, 0x0000014c87c2a618]
Event: 11625.883 Thread 0x0000014cfec896d0 2584       4       java.util.concurrent.ThreadPoolExecutor::beforeExecute (1 bytes)
Event: 11625.884 Thread 0x0000014cfec896d0 nmethod 2584 0x0000014c87c2a890 code [0x0000014c87c2aa00, 0x0000014c87c2aa78]
Event: 11780.151 Thread 0x0000014cfec89fe0 2585       3       java.lang.Integer::parseInt (300 bytes)

GC Heap History (10 events):
Event: 0.823 GC heap before
{Heap before GC invocations=0 (full 0):
 garbage-first heap   total 131072K, used 25600K [0x0000000080000000, 0x0000000100000000)
  region size 1024K, 23 young (23552K), 0 survivors (0K)
 Metaspace       used 17899K, committed 18176K, reserved 1114112K
  class space    used 1853K, committed 1984K, reserved 1048576K
}
Event: 0.828 GC heap after
{Heap after GC invocations=1 (full 0):
 garbage-first heap   total 131072K, used 8312K [0x0000000080000000, 0x0000000100000000)
  region size 1024K, 3 young (3072K), 3 survivors (3072K)
 Metaspace       used 17899K, committed 18176K, reserved 1114112K
  class space    used 1853K, committed 1984K, reserved 1048576K
}
Event: 1206.291 GC heap before
{Heap before GC invocations=1 (full 0):
 garbage-first heap   total 131072K, used 34936K [0x0000000080000000, 0x0000000100000000)
  region size 1024K, 29 young (29696K), 3 survivors (3072K)
 Metaspace       used 21131K, committed 21504K, reserved 1114112K
  class space    used 2107K, committed 2304K, reserved 1048576K
}
Event: 1206.294 GC heap after
{Heap after GC invocations=2 (full 0):
 garbage-first heap   total 131072K, used 10014K [0x0000000080000000, 0x0000000100000000)
  region size 1024K, 2 young (2048K), 2 survivors (2048K)
 Metaspace       used 21131K, committed 21504K, reserved 1114112K
  class space    used 2107K, committed 2304K, reserved 1048576K
}
Event: 1558.219 GC heap before
{Heap before GC invocations=2 (full 0):
 garbage-first heap   total 131072K, used 13086K [0x0000000080000000, 0x0000000100000000)
  region size 1024K, 6 young (6144K), 2 survivors (2048K)
 Metaspace       used 21148K, committed 21504K, reserved 1114112K
  class space    used 2107K, committed 2304K, reserved 1048576K
}
Event: 1558.221 GC heap after
{Heap after GC invocations=3 (full 0):
 garbage-first heap   total 131072K, used 9973K [0x0000000080000000, 0x0000000100000000)
  region size 1024K, 2 young (2048K), 2 survivors (2048K)
 Metaspace       used 21148K, committed 21504K, reserved 1114112K
  class space    used 2107K, committed 2304K, reserved 1048576K
}
Event: 5158.231 GC heap before
{Heap before GC invocations=4 (full 0):
 garbage-first heap   total 131072K, used 17141K [0x0000000080000000, 0x0000000100000000)
  region size 1024K, 10 young (10240K), 2 survivors (2048K)
 Metaspace       used 21143K, committed 21568K, reserved 1114112K
  class space    used 2102K, committed 2304K, reserved 1048576K
}
Event: 5158.240 GC heap after
{Heap after GC invocations=5 (full 1):
 garbage-first heap   total 131072K, used 9277K [0x0000000080000000, 0x0000000100000000)
  region size 1024K, 0 young (0K), 0 survivors (0K)
 Metaspace       used 21143K, committed 21568K, reserved 1114112K
  class space    used 2102K, committed 2304K, reserved 1048576K
}
Event: 8758.241 GC heap before
{Heap before GC invocations=5 (full 1):
 garbage-first heap   total 131072K, used 15421K [0x0000000080000000, 0x0000000100000000)
  region size 1024K, 7 young (7168K), 0 survivors (0K)
 Metaspace       used 21151K, committed 21568K, reserved 1114112K
  class space    used 2102K, committed 2304K, reserved 1048576K
}
Event: 8758.252 GC heap after
{Heap after GC invocations=6 (full 2):
 garbage-first heap   total 131072K, used 8564K [0x0000000080000000, 0x0000000100000000)
  region size 1024K, 0 young (0K), 0 survivors (0K)
 Metaspace       used 20971K, committed 21568K, reserved 1114112K
  class space    used 2062K, committed 2304K, reserved 1048576K
}

Dll operation events (1 events):
Event: 0.007 Loaded shared library D:\IntelliJ IDEA 2023.3.2\jbr\bin\java.dll

Deoptimization events (20 events):
Event: 1175.853 Thread 0x0000014cfef56420 DEOPT PACKING pc=0x0000014c801baf0d sp=0x000000144b5fd3f0
Event: 1175.853 Thread 0x0000014cfef56420 DEOPT UNPACKING pc=0x0000014c87587143 sp=0x000000144b5fc890 mode 0
Event: 1175.854 Thread 0x0000014cfef56420 DEOPT PACKING pc=0x0000014c801baf0d sp=0x000000144b5fd3f0
Event: 1175.854 Thread 0x0000014cfef56420 DEOPT UNPACKING pc=0x0000014c87587143 sp=0x000000144b5fc890 mode 0
Event: 1175.854 Thread 0x0000014cfef56420 DEOPT PACKING pc=0x0000014c801baf0d sp=0x000000144b5fd3f0
Event: 1175.854 Thread 0x0000014cfef56420 DEOPT UNPACKING pc=0x0000014c87587143 sp=0x000000144b5fc890 mode 0
Event: 1176.008 Thread 0x0000014cfef56420 DEOPT PACKING pc=0x0000014c801600e5 sp=0x000000144b5fdb30
Event: 1176.008 Thread 0x0000014cfef56420 DEOPT UNPACKING pc=0x0000014c87587143 sp=0x000000144b5fcfa8 mode 0
Event: 8760.018 Thread 0x0000014cfef55a00 Uncommon trap: trap_request=0xffffff45 fr.pc=0x0000014c87bec22c relative=0x0000000000007acc
Event: 8760.018 Thread 0x0000014cfef55a00 Uncommon trap: reason=unstable_if action=reinterpret pc=0x0000014c87bec22c method=java.io.ClassCache.processQueue()V @ 9 c2
Event: 8760.018 Thread 0x0000014cfef55a00 DEOPT PACKING pc=0x0000014c87bec22c sp=0x000000144b3fe4d0
Event: 8760.018 Thread 0x0000014cfef55a00 DEOPT UNPACKING pc=0x0000014c875869a3 sp=0x000000144b3fe378 mode 2
Event: 8760.018 Thread 0x0000014cfef55a00 Uncommon trap: trap_request=0xffffff45 fr.pc=0x0000014c87c0b8c0 relative=0x0000000000000120
Event: 8760.018 Thread 0x0000014cfef55a00 Uncommon trap: reason=unstable_if action=reinterpret pc=0x0000014c87c0b8c0 method=java.lang.ClassValue.match(Ljava/lang/ClassValue$Entry;)Z @ 12 c2
Event: 8760.018 Thread 0x0000014cfef55a00 DEOPT PACKING pc=0x0000014c87c0b8c0 sp=0x000000144b3fe390
Event: 8760.018 Thread 0x0000014cfef55a00 DEOPT UNPACKING pc=0x0000014c875869a3 sp=0x000000144b3fe2f0 mode 2
Event: 8760.018 Thread 0x0000014cfef55a00 Uncommon trap: trap_request=0xffffff45 fr.pc=0x0000014c87c0d318 relative=0x00000000000005d8
Event: 8760.018 Thread 0x0000014cfef55a00 Uncommon trap: reason=unstable_if action=reinterpret pc=0x0000014c87c0d318 method=java.lang.ClassValue.match(Ljava/lang/ClassValue$Entry;)Z @ 12 c2
Event: 8760.018 Thread 0x0000014cfef55a00 DEOPT PACKING pc=0x0000014c87c0d318 sp=0x000000144b3fe100
Event: 8760.018 Thread 0x0000014cfef55a00 DEOPT UNPACKING pc=0x0000014c875869a3 sp=0x000000144b3fdfe0 mode 2

Classes unloaded (20 events):
Event: 8758.243 Thread 0x0000014cfec42c20 Unloading class 0x0000000100145c00 'java/lang/invoke/LambdaForm$MH+0x0000000100145c00'
Event: 8758.243 Thread 0x0000014cfec42c20 Unloading class 0x0000000100145800 'java/lang/invoke/LambdaForm$MH+0x0000000100145800'
Event: 8758.243 Thread 0x0000014cfec42c20 Unloading class 0x0000000100145000 'java/lang/invoke/LambdaForm$MH+0x0000000100145000'
Event: 8758.243 Thread 0x0000014cfec42c20 Unloading class 0x0000000100144c00 'java/lang/invoke/LambdaForm$MH+0x0000000100144c00'
Event: 8758.243 Thread 0x0000014cfec42c20 Unloading class 0x0000000100144800 'java/lang/invoke/LambdaForm$MH+0x0000000100144800'
Event: 8758.243 Thread 0x0000014cfec42c20 Unloading class 0x0000000100144400 'java/lang/invoke/LambdaForm$MH+0x0000000100144400'
Event: 8758.243 Thread 0x0000014cfec42c20 Unloading class 0x0000000100144000 'java/lang/invoke/LambdaForm$MH+0x0000000100144000'
Event: 8758.243 Thread 0x0000014cfec42c20 Unloading class 0x0000000100143c00 'java/lang/invoke/LambdaForm$MH+0x0000000100143c00'
Event: 8758.243 Thread 0x0000014cfec42c20 Unloading class 0x0000000100143000 'java/lang/invoke/LambdaForm$MH+0x0000000100143000'
Event: 8758.243 Thread 0x0000014cfec42c20 Unloading class 0x0000000100142800 'java/lang/invoke/LambdaForm$MH+0x0000000100142800'
Event: 8758.243 Thread 0x0000014cfec42c20 Unloading class 0x0000000100142000 'java/lang/invoke/LambdaForm$MH+0x0000000100142000'
Event: 8758.243 Thread 0x0000014cfec42c20 Unloading class 0x0000000100141800 'java/lang/invoke/LambdaForm$MH+0x0000000100141800'
Event: 8758.243 Thread 0x0000014cfec42c20 Unloading class 0x0000000100140c00 'java/lang/invoke/LambdaForm$MH+0x0000000100140c00'
Event: 8758.243 Thread 0x0000014cfec42c20 Unloading class 0x0000000100140800 'java/lang/invoke/LambdaForm$MH+0x0000000100140800'
Event: 8758.243 Thread 0x0000014cfec42c20 Unloading class 0x0000000100140000 'java/lang/invoke/LambdaForm$MH+0x0000000100140000'
Event: 8758.243 Thread 0x0000014cfec42c20 Unloading class 0x00000001000d0400 'java/lang/invoke/LambdaForm$DMH+0x00000001000d0400'
Event: 8758.243 Thread 0x0000014cfec42c20 Unloading class 0x00000001000cbc00 'java/lang/invoke/LambdaForm$DMH+0x00000001000cbc00'
Event: 8758.243 Thread 0x0000014cfec42c20 Unloading class 0x00000001000c9400 'java/lang/invoke/LambdaForm$MH+0x00000001000c9400'
Event: 8758.243 Thread 0x0000014cfec42c20 Unloading class 0x00000001000c8800 'java/lang/invoke/LambdaForm$MH+0x00000001000c8800'
Event: 8758.243 Thread 0x0000014cfec42c20 Unloading class 0x00000001000c4400 'java/lang/invoke/LambdaForm$MH+0x00000001000c4400'

Classes redefined (0 events):
No events

Internal exceptions (20 events):
Event: 0.223 Thread 0x0000014cf14edfa0 Exception <a 'java/lang/IncompatibleClassChangeError'{0x0000000087b64d40}: Found class java.lang.Object, but interface was expected> (0x0000000087b64d40) 
thrown [s\src\hotspot\share\interpreter\linkResolver.cpp, line 838]
Event: 0.238 Thread 0x0000014cf14edfa0 Exception <a 'java/lang/NoSuchMethodError'{0x0000000087b708e8}: 'java.lang.Object java.lang.invoke.DirectMethodHandle$Holder.invokeStaticInit(java.lang.Object)'> (0x0000000087b708e8) 
thrown [s\src\hotspot\share\interpreter\linkResolver.cpp, line 771]
Event: 0.268 Thread 0x0000014cf14edfa0 Exception <a 'java/lang/NoSuchMethodError'{0x0000000087bed428}: 'java.lang.Object java.lang.invoke.DirectMethodHandle$Holder.invokeStaticInit(java.lang.Object, int, int, int, int)'> (0x0000000087bed428) 
thrown [s\src\hotspot\share\interpreter\linkResolver.cpp, line 771]
Event: 0.309 Thread 0x0000014cf14edfa0 Exception <a 'java/lang/NoSuchMethodError'{0x0000000087ac6a90}: 'java.lang.Object java.lang.invoke.DirectMethodHandle$Holder.invokeStaticInit(java.lang.Object, java.lang.Object, int, int, int, int)'> (0x0000000087ac6a90) 
thrown [s\src\hotspot\share\interpreter\linkResolver.cpp, line 771]
Event: 0.381 Thread 0x0000014cf14edfa0 Exception <a 'java/lang/NoSuchMethodError'{0x0000000087752f68}: 'java.lang.Object java.lang.invoke.Invokers$Holder.linkToTargetMethod(java.lang.Object, long, java.lang.Object)'> (0x0000000087752f68) 
thrown [s\src\hotspot\share\interpreter\linkResolver.cpp, line 771]
Event: 0.433 Thread 0x0000014cfef54ad0 Exception <a 'java/lang/NoSuchMethodError'{0x000000008750eff8}: static [B.<clinit>()V> (0x000000008750eff8) 
thrown [s\src\hotspot\share\prims\jni.cpp, line 1108]
Event: 0.433 Thread 0x0000014cfef56420 Exception <a 'java/lang/NoSuchMethodError'{0x000000008769b910}: static [B.<clinit>()V> (0x000000008769b910) 
thrown [s\src\hotspot\share\prims\jni.cpp, line 1108]
Event: 0.515 Thread 0x0000014cfef56420 Exception <a 'java/lang/NoSuchMethodError'{0x00000000876c9160}: static [Ljava/rmi/server/ObjID;.<clinit>()V> (0x00000000876c9160) 
thrown [s\src\hotspot\share\prims\jni.cpp, line 1108]
Event: 0.518 Thread 0x0000014cfef540b0 Exception <a 'java/lang/InterruptedException'{0x0000000087578438}> (0x0000000087578438) 
thrown [s\src\hotspot\share\runtime\objectMonitor.cpp, line 1658]
Event: 0.519 Thread 0x0000014cfef56420 Exception <a 'java/lang/NoSuchMethodError'{0x00000000876d0ba8}: 'void java.lang.invoke.DirectMethodHandle$Holder.invokeSpecial(java.lang.Object, java.lang.Object, java.lang.Object)'> (0x00000000876d0ba8) 
thrown [s\src\hotspot\share\interpreter\linkResolver.cpp, line 771]
Event: 0.519 Thread 0x0000014cfef56420 Exception <a 'java/lang/NoSuchMethodError'{0x00000000876d4110}: 'void java.lang.invoke.Invokers$Holder.invoke_MT(java.lang.Object, java.lang.Object, java.lang.Object)'> (0x00000000876d4110) 
thrown [s\src\hotspot\share\interpreter\linkResolver.cpp, line 771]
Event: 0.519 Thread 0x0000014cfef540b0 Exception <a 'java/lang/NoSuchMethodError'{0x0000000087580bd8}: 'java.lang.Object java.lang.invoke.DirectMethodHandle$Holder.newInvokeSpecial(java.lang.Object, java.lang.Object, int, java.lang.Object, long)'> (0x0000000087580bd8) 
thrown [s\src\hotspot\share\interpreter\linkResolver.cpp, line 771]
Event: 0.596 Thread 0x0000014cfef56420 Exception <a 'java/lang/NoSuchMethodError'{0x000000008721e328}: 'java.lang.Object java.lang.invoke.DirectMethodHandle$Holder.invokeInterface(java.lang.Object, java.lang.Object)'> (0x000000008721e328) 
thrown [s\src\hotspot\share\interpreter\linkResolver.cpp, line 771]
Event: 0.638 Thread 0x0000014cfef56420 Exception <a 'java/lang/NoSuchMethodError'{0x0000000087160e30}: 'java.lang.Object java.lang.invoke.DirectMethodHandle$Holder.invokeVirtual(java.lang.Object, java.lang.Object, java.lang.Object)'> (0x0000000087160e30) 
thrown [s\src\hotspot\share\interpreter\linkResolver.cpp, line 771]
Event: 0.685 Thread 0x0000014cfef56420 Exception <a 'java/lang/NoSuchMethodError'{0x0000000086f3aa18}: 'void java.lang.invoke.DirectMethodHandle$Holder.invokeStatic(java.lang.Object, java.lang.Object, java.lang.Object, java.lang.Object)'> (0x0000000086f3aa18) 
thrown [s\src\hotspot\share\interpreter\linkResolver.cpp, line 771]
Event: 0.864 Thread 0x0000014cfef56420 Exception <a 'java/lang/NoSuchMethodError'{0x0000000087ea5578}: 'java.lang.Object java.lang.invoke.DirectMethodHandle$Holder.invokeStatic(java.lang.Object, java.lang.Object, long, java.lang.Object, java.lang.Object)'> (0x0000000087ea5578) 
thrown [s\src\hotspot\share\interpreter\linkResolver.cpp, line 771]
Event: 0.864 Thread 0x0000014cfef56420 Exception <a 'java/lang/NoSuchMethodError'{0x0000000087eacd10}: 'java.lang.Object java.lang.invoke.DirectMethodHandle$Holder.newInvokeSpecial(java.lang.Object, java.lang.Object, long)'> (0x0000000087eacd10) 
thrown [s\src\hotspot\share\interpreter\linkResolver.cpp, line 771]
Event: 0.980 Thread 0x0000014cfef56420 Exception <a 'java/lang/NoSuchMethodError'{0x000000008771d010}: 'java.lang.Object java.lang.invoke.DirectMethodHandle$Holder.newInvokeSpecial(java.lang.Object, java.lang.Object, int)'> (0x000000008771d010) 
thrown [s\src\hotspot\share\interpreter\linkResolver.cpp, line 771]
Event: 1.411 Thread 0x0000014cfef56420 Exception <a 'java/lang/NoSuchMethodError'{0x00000000872596d8}: static Lcom/intellij/database/remote/jdbc/RemoteResultSet$DataRetrievingOptions;.<clinit>()V> (0x00000000872596d8) 
thrown [s\src\hotspot\share\prims\jni.cpp, line 1108]
Event: 1.423 Thread 0x0000014cfef56420 Exception <a 'java/lang/NoSuchMethodError'{0x0000000087285ec0}: static [Ljava/lang/Object;.<clinit>()V> (0x0000000087285ec0) 
thrown [s\src\hotspot\share\prims\jni.cpp, line 1108]

VM Operations (20 events):
Event: 5158.230 Executing VM operation: G1CollectFull
Event: 5158.240 Executing VM operation: G1CollectFull done
Event: 7437.358 Executing VM operation: Cleanup
Event: 7437.358 Executing VM operation: Cleanup done
Event: 7716.508 Executing VM operation: Cleanup
Event: 7716.508 Executing VM operation: Cleanup done
Event: 8157.742 Executing VM operation: Cleanup
Event: 8157.742 Executing VM operation: Cleanup done
Event: 8418.867 Executing VM operation: Cleanup
Event: 8418.867 Executing VM operation: Cleanup done
Event: 8758.240 Executing VM operation: G1CollectFull
Event: 8758.252 Executing VM operation: G1CollectFull done
Event: 8796.270 Executing VM operation: Cleanup
Event: 8796.270 Executing VM operation: Cleanup done
Event: 9714.731 Executing VM operation: Cleanup
Event: 9714.731 Executing VM operation: Cleanup done
Event: 11317.517 Executing VM operation: Cleanup
Event: 11317.517 Executing VM operation: Cleanup done
Event: 11480.597 Executing VM operation: Cleanup
Event: 11480.597 Executing VM operation: Cleanup done

Events (20 events):
Event: 1175.883 Thread 0x0000014cfef56e40 Thread added: 0x0000014cfef56e40
Event: 1206.291 Thread 0x0000014cfef545c0 Thread added: 0x0000014cfef545c0
Event: 1206.291 Thread 0x0000014cfef54ad0 Thread added: 0x0000014cfef54ad0
Event: 1206.291 Thread 0x0000014cfef53ba0 Thread added: 0x0000014cfef53ba0
Event: 1206.291 Thread 0x0000014cfef57350 Thread added: 0x0000014cfef57350
Event: 1206.291 Thread 0x0000014cfefb4d40 Thread added: 0x0000014cfefb4d40
Event: 1206.295 Thread 0x0000014cfef545c0 Thread exited: 0x0000014cfef545c0
Event: 1206.295 Thread 0x0000014cfef57350 Thread exited: 0x0000014cfef57350
Event: 1206.295 Thread 0x0000014cfef53ba0 Thread exited: 0x0000014cfef53ba0
Event: 1206.295 Thread 0x0000014cfefb6180 Thread added: 0x0000014cfefb6180
Event: 1206.295 Thread 0x0000014cfefaed10 Thread added: 0x0000014cfefaed10
Event: 1206.295 Thread 0x0000014cfefb6180 Thread exited: 0x0000014cfefb6180
Event: 1206.295 Thread 0x0000014cfef54ad0 Thread exited: 0x0000014cfef54ad0
Event: 1206.295 Thread 0x0000014cfefb4d40 Thread exited: 0x0000014cfefb4d40
Event: 1206.295 Thread 0x0000014cfefaed10 Thread exited: 0x0000014cfefaed10
Event: 1296.055 Thread 0x0000014cfef56e40 Thread exited: 0x0000014cfef56e40
Event: 1558.227 loading class sun/rmi/transport/DGCClient$EndpointEntry$CleanRequest
Event: 1558.227 loading class sun/rmi/transport/DGCClient$EndpointEntry$CleanRequest done
Event: 2279.416 Thread 0x0000014cfef54ad0 Thread added: 0x0000014cfef54ad0
Event: 2279.417 Thread 0x0000014cfef54ad0 Thread exited: 0x0000014cfef54ad0


Dynamic libraries:
0x00007ff7dc820000 - 0x00007ff7dc82a000 	D:\IntelliJ IDEA 2023.3.2\jbr\bin\java.exe
0x00007ffd071d0000 - 0x00007ffd073e7000 	C:\WINDOWS\SYSTEM32\ntdll.dll
0x00007ffd06ca0000 - 0x00007ffd06d64000 	C:\WINDOWS\System32\KERNEL32.DLL
0x00007ffd04660000 - 0x00007ffd04a06000 	C:\WINDOWS\System32\KERNELBASE.dll
0x00007ffd04bb0000 - 0x00007ffd04cc1000 	C:\WINDOWS\System32\ucrtbase.dll
0x00007ffcd83f0000 - 0x00007ffcd8407000 	D:\IntelliJ IDEA 2023.3.2\jbr\bin\jli.dll
0x00007ffd05100000 - 0x00007ffd052ae000 	C:\WINDOWS\System32\USER32.dll
0x00007ffcf1190000 - 0x00007ffcf1423000 	C:\WINDOWS\WinSxS\amd64_microsoft.windows.common-controls_6595b64144ccf1df_6.0.22621.2506_none_270c5ae97388e100\COMCTL32.dll
0x00007ffd04b80000 - 0x00007ffd04ba6000 	C:\WINDOWS\System32\win32u.dll
0x00007ffd066d0000 - 0x00007ffd06777000 	C:\WINDOWS\System32\msvcrt.dll
0x00007ffd066a0000 - 0x00007ffd066c9000 	C:\WINDOWS\System32\GDI32.dll
0x00007ffd04540000 - 0x00007ffd04658000 	C:\WINDOWS\System32\gdi32full.dll
0x00007ffd04cd0000 - 0x00007ffd04d6a000 	C:\WINDOWS\System32\msvcp_win.dll
0x00007ffcf1930000 - 0x00007ffcf194b000 	D:\IntelliJ IDEA 2023.3.2\jbr\bin\VCRUNTIME140.dll
0x00007ffd05020000 - 0x00007ffd05051000 	C:\WINDOWS\System32\IMM32.DLL
0x00007ffcf19c0000 - 0x00007ffcf19cc000 	D:\IntelliJ IDEA 2023.3.2\jbr\bin\vcruntime140_1.dll
0x00007ffcc6be0000 - 0x00007ffcc6c6d000 	D:\IntelliJ IDEA 2023.3.2\jbr\bin\msvcp140.dll
0x00007ffc6dac0000 - 0x00007ffc6e742000 	D:\IntelliJ IDEA 2023.3.2\jbr\bin\server\jvm.dll
0x00007ffd06be0000 - 0x00007ffd06c91000 	C:\WINDOWS\System32\ADVAPI32.dll
0x00007ffd06790000 - 0x00007ffd06835000 	C:\WINDOWS\System32\sechost.dll
0x00007ffd06e70000 - 0x00007ffd06f87000 	C:\WINDOWS\System32\RPCRT4.dll
0x00007ffd04360000 - 0x00007ffd043ad000 	C:\WINDOWS\SYSTEM32\POWRPROF.dll
0x00007ffcf02e0000 - 0x00007ffcf02e9000 	C:\WINDOWS\SYSTEM32\WSOCK32.dll
0x00007ffcfbc40000 - 0x00007ffcfbc74000 	C:\WINDOWS\SYSTEM32\WINMM.dll
0x00007ffcfbc80000 - 0x00007ffcfbc8a000 	C:\WINDOWS\SYSTEM32\VERSION.dll
0x00007ffd068c0000 - 0x00007ffd06931000 	C:\WINDOWS\System32\WS2_32.dll
0x00007ffd04240000 - 0x00007ffd04253000 	C:\WINDOWS\SYSTEM32\UMPDC.dll
0x00007ffd034a0000 - 0x00007ffd034b8000 	C:\WINDOWS\SYSTEM32\kernel.appcore.dll
0x00007ffcf02d0000 - 0x00007ffcf02da000 	D:\IntelliJ IDEA 2023.3.2\jbr\bin\jimage.dll
0x00007ffcf8950000 - 0x00007ffcf8b83000 	C:\WINDOWS\SYSTEM32\DBGHELP.DLL
0x00007ffd06310000 - 0x00007ffd06699000 	C:\WINDOWS\System32\combase.dll
0x00007ffd05c10000 - 0x00007ffd05ce7000 	C:\WINDOWS\System32\OLEAUT32.dll
0x00007ffcf2e50000 - 0x00007ffcf2e82000 	C:\WINDOWS\SYSTEM32\dbgcore.DLL
0x00007ffd04d70000 - 0x00007ffd04dea000 	C:\WINDOWS\System32\bcryptPrimitives.dll
0x00007ffcef050000 - 0x00007ffcef075000 	D:\IntelliJ IDEA 2023.3.2\jbr\bin\java.dll
0x00007ffcef240000 - 0x00007ffcef258000 	D:\IntelliJ IDEA 2023.3.2\jbr\bin\zip.dll
0x00007ffd05320000 - 0x00007ffd05b7a000 	C:\WINDOWS\System32\SHELL32.dll
0x00007ffd02410000 - 0x00007ffd02d06000 	C:\WINDOWS\SYSTEM32\windows.storage.dll
0x00007ffd022d0000 - 0x00007ffd0240e000 	C:\WINDOWS\SYSTEM32\wintypes.dll
0x00007ffd06d70000 - 0x00007ffd06e63000 	C:\WINDOWS\System32\SHCORE.dll
0x00007ffd052b0000 - 0x00007ffd0530e000 	C:\WINDOWS\System32\shlwapi.dll
0x00007ffd04470000 - 0x00007ffd04496000 	C:\WINDOWS\SYSTEM32\profapi.dll
0x00007ffceb870000 - 0x00007ffceb889000 	D:\IntelliJ IDEA 2023.3.2\jbr\bin\net.dll
0x00007ffcfcfd0000 - 0x00007ffcfd107000 	C:\WINDOWS\SYSTEM32\WINHTTP.dll
0x00007ffd03970000 - 0x00007ffd039d9000 	C:\WINDOWS\system32\mswsock.dll
0x00007ffce4e30000 - 0x00007ffce4e46000 	D:\IntelliJ IDEA 2023.3.2\jbr\bin\nio.dll
0x00007ffd02f70000 - 0x00007ffd02f9d000 	C:\WINDOWS\SYSTEM32\IPHLPAPI.DLL
0x00007ffd06780000 - 0x00007ffd06789000 	C:\WINDOWS\System32\NSI.dll
0x00007ffcfd4f0000 - 0x00007ffcfd509000 	C:\WINDOWS\SYSTEM32\dhcpcsvc6.DLL
0x00007ffcfd150000 - 0x00007ffcfd16f000 	C:\WINDOWS\SYSTEM32\dhcpcsvc.DLL
0x00007ffd02fe0000 - 0x00007ffd030d9000 	C:\WINDOWS\SYSTEM32\DNSAPI.dll
0x00007ffd03cc0000 - 0x00007ffd03cdb000 	C:\WINDOWS\SYSTEM32\CRYPTSP.dll
0x00007ffd03460000 - 0x00007ffd03495000 	C:\WINDOWS\system32\rsaenh.dll
0x00007ffd03a10000 - 0x00007ffd03a3c000 	C:\WINDOWS\SYSTEM32\USERENV.dll
0x00007ffd03de0000 - 0x00007ffd03e08000 	C:\WINDOWS\SYSTEM32\bcrypt.dll
0x00007ffd03ca0000 - 0x00007ffd03cac000 	C:\WINDOWS\SYSTEM32\CRYPTBASE.dll
0x00007ffcdf720000 - 0x00007ffcdf727000 	D:\IntelliJ IDEA 2023.3.2\jbr\bin\rmi.dll
0x00007ffcf8c80000 - 0x00007ffcf8c8a000 	C:\Windows\System32\rasadhlp.dll
0x00007ffcfab00000 - 0x00007ffcfab83000 	C:\WINDOWS\System32\fwpuclnt.dll

dbghelp: loaded successfully - version: 4.0.5 - missing functions: none
symbol engine: initialized successfully - sym options: 0x614 - pdb path: .;D:\IntelliJ IDEA 2023.3.2\jbr\bin;C:\WINDOWS\SYSTEM32;C:\WINDOWS\WinSxS\amd64_microsoft.windows.common-controls_6595b64144ccf1df_6.0.22621.2506_none_270c5ae97388e100;D:\IntelliJ IDEA 2023.3.2\jbr\bin\server

VM Arguments:
jvm_args: -Djava.rmi.server.hostname=127.0.0.1 -Duser.timezone=UTC -Xmx2048m -Xms128m -Djdbc.classpath=D:\IntelliJ IDEA 2023.3.2\plugins\DatabaseTools\lib\jdbc-console.jar;C:\Users\nguye\AppData\Roaming\JetBrains\IntelliJIdea2023.3\jdbc-drivers\AWS Aurora MySQL\1.1.9\software\aws\rds\aws-mysql-jdbc\1.1.9\aws-mysql-jdbc-1.1.9.jar --add-exports=java.desktop/sun.awt=ALL-UNNAMED --add-exports=java.desktop/java.awt.peer=ALL-UNNAMED --add-opens=java.desktop/java.awt=ALL-UNNAMED --add-opens=jdk.unsupported/sun.misc=ALL-UNNAMED --add-opens=java.base/java.nio=ALL-UNNAMED --add-opens=java.base/java.util=ALL-UNNAMED -Dfile.encoding=UTF-8 
java_command: com.intellij.database.remote.RemoteJdbcServer software.aws.rds.jdbc.mysql.Driver
java_class_path (initial): D:\IntelliJ IDEA 2023.3.2\lib\util_rt.jar;D:\IntelliJ IDEA 2023.3.2\lib\util-8.jar;D:\IntelliJ IDEA 2023.3.2\lib\groovy.jar;D:\IntelliJ IDEA 2023.3.2\plugins\DatabaseTools\lib\jdbc-console.jar;D:\IntelliJ IDEA 2023.3.2\plugins\grid-core-impl\lib\jdbc-console-types.jar;D:\IntelliJ IDEA 2023.3.2\lib\util.jar
Launcher Type: SUN_STANDARD

[Global flags]
     intx CICompilerCount                          = 4                                         {product} {ergonomic}
     uint ConcGCThreads                            = 3                                         {product} {ergonomic}
     uint G1ConcRefinementThreads                  = 10                                        {product} {ergonomic}
   size_t G1HeapRegionSize                         = 1048576                                   {product} {ergonomic}
    uintx GCDrainStackTargetSize                   = 64                                        {product} {ergonomic}
   size_t InitialHeapSize                          = 134217728                                 {product} {command line}
   size_t MarkStackSize                            = 4194304                                   {product} {ergonomic}
   size_t MaxHeapSize                              = 2147483648                                {product} {command line}
   size_t MaxNewSize                               = 1287651328                                {product} {ergonomic}
   size_t MinHeapDeltaBytes                        = 1048576                                   {product} {ergonomic}
   size_t MinHeapSize                              = 134217728                                 {product} {command line}
    uintx NonNMethodCodeHeapSize                   = 5839372                                {pd product} {ergonomic}
    uintx NonProfiledCodeHeapSize                  = 122909434                              {pd product} {ergonomic}
    uintx ProfiledCodeHeapSize                     = 122909434                              {pd product} {ergonomic}
    uintx ReservedCodeCacheSize                    = 251658240                              {pd product} {ergonomic}
     bool SegmentedCodeCache                       = true                                      {product} {ergonomic}
   size_t SoftMaxHeapSize                          = 2147483648                             {manageable} {ergonomic}
     bool UseCompressedClassPointers               = true                           {product lp64_product} {ergonomic}
     bool UseCompressedOops                        = true                           {product lp64_product} {ergonomic}
     bool UseG1GC                                  = true                                      {product} {ergonomic}
     bool UseLargePagesIndividualAllocation        = false                                  {pd product} {ergonomic}

Logging:
Log output configuration:
 #0: stdout all=warning uptime,level,tags
 #1: stderr all=off uptime,level,tags

Environment Variables:
PATH=C:\Program Files (x86)\VMware\VMware Workstation\bin\;C:\WINDOWS\system32;C:\WINDOWS;C:\WINDOWS\System32\Wbem;C:\WINDOWS\System32\WindowsPowerShell\v1.0\;C:\WINDOWS\System32\OpenSSH\;C:\Program Files\Docker\Docker\resources\bin;C:\Program Files\NVIDIA Corporation\NVIDIA NvDLISR;C:\Program Files (x86)\NVIDIA Corporation\PhysX\Common;C:\Program Files (x86)\Microsoft SQL Server\160\Tools\Binn\;C:\Program Files\Microsoft SQL Server\160\Tools\Binn\;C:\Program Files\Microsoft SQL Server\Client SDK\ODBC\170\Tools\Binn\;C:\Program Files\Microsoft SQL Server\160\DTS\Binn\;C:\Program Files (x86)\Microsoft SQL Server\160\DTS\Binn\;C:\Program Files\Azure Data Studio\bin;C:\Program Files\dotnet\;C:\Program Files\Git\cmd;C:\php-8.3.1-nts-Win32-vs16-x64;C:\Users\nguye\AppData\Local\Microsoft\WindowsApps;C:\Users\nguye\AppData\Local\Programs\Microsoft VS Code\bin;C:\Program Files\Azure Data Studio\bin;C:\php-8.3.1-nts-Win32-vs16-x64;
USERNAME=nguye
OS=Windows_NT
PROCESSOR_IDENTIFIER=AMD64 Family 23 Model 96 Stepping 1, AuthenticAMD
TMP=C:\Users\nguye\AppData\Local\Temp
TEMP=C:\Users\nguye\AppData\Local\Temp



Periodic native trim disabled

JNI global refs:
JNI global refs: 17, weak refs: 0

JNI global refs memory usage: 843, weak refs: 209

OOME stack traces (most recent first):
Classloader memory used:
Loader bootstrap                                                                       : 1917K
Loader com.intellij.database.remote.jdbc.impl.JdbcClassLoader$JdbcClassLoaderImpl      : 425K
Loader jdk.internal.loader.ClassLoaders$AppClassLoader                                 : 208K
Loader jdk.internal.loader.ClassLoaders$PlatformClassLoader                            : 48668B
Loader jdk.internal.reflect.DelegatingClassLoader                                      : 23538B


---------------  S Y S T E M  ---------------

OS:
 Windows 11 , 64 bit Build 22621 (10.0.22621.2506)
OS uptime: 0 days 17:05 hours
Hyper-V role detected

CPU: total 12 (initial active 12) (12 cores per cpu, 2 threads per core) family 23 model 96 stepping 1 microcode 0x0, cx8, cmov, fxsr, ht, mmx, 3dnowpref, sse, sse2, sse3, ssse3, sse4a, sse4.1, sse4.2, popcnt, lzcnt, tsc, tscinvbit, avx, avx2, aes, clmul, bmi1, bmi2, adx, sha, fma, vzeroupper, clflush, clflushopt, hv
Processor Information for all 12 processors :
  Max Mhz: 3000, Current Mhz: 3000, Mhz Limit: 3000

Memory: 4k page, system-wide physical 15791M (4660M free)
TotalPageFile size 35225M (AvailPageFile size 4M)
current process WorkingSet (physical memory assigned to process): 100M, peak: 122M
current process commit charge ("private bytes"): 237M, peak: 264M

vm_info: OpenJDK 64-Bit Server VM (17.0.9+7-b1087.9) for windows-amd64 JRE (17.0.9+7-b1087.9), built on 2023-12-05 by "builduser" with MS VC++ 16.10 / 16.11 (VS2019)

END.
